<ADD>@ROOT.XML</ADD>
<ADD>@LIBS.XML</ADD>
<ADD>@TYPES.sys_flag_types.XML</ADD>
<ADD>@TYPES.compile.XML</ADD>
<ADD>@POUS.Main.XML</ADD>
<ADD>@HW.ZIP</ADD>
<ADD>@HW.XML</ADD>
<REMOVE>@POUS.Main.XML</REMOVE>
<ADD>@POUS.Main.XML</ADD>
<ADD>@POUS.SlaveDevice.XML</ADD>
<ADD>@TYPES.udtModbusControl.XML</ADD>
<ADD>@POUS.MB_RTU_FC4_ABSTRACT.XML</ADD>
<ADD>@POUS.MB_RTU_FC3_ABSTRACT.XML</ADD>
<ADD>@POUS.MB_RTU_FC6_ABSTRACT.XML</ADD>
<ADD>@POUS.MODBUS_WATCHER.XML</ADD>
<ADD>@POUS.REQ_CNT.XML</ADD>
<ADD>@POUS.REQUEST_ERROR.XML</ADD>
<ADD>@POUS.TIME_DIFF.XML</ADD>
<ADD>@POUS.ErrorHandler.XML</ADD>
<ADD>@POUS.ModbusDeviceHandler.XML</ADD>
<ADD>@TYPES.udtModbusDevice.XML</ADD>
<ADD>@POUS.MockDevices.XML</ADD>
<REMOVE>@POUS.MODBUS_WATCHER.XML</REMOVE>
